[INFO] Planning search queries
[INFO] Planned 10 queries
[INFO] [SCRAPE] senior mlops engineer
[INFO] [FLUSH] cache updated → 7 jobs
[INFO] [SCRAPE] mlops engineer
[INFO] [FLUSH] cache updated → 13 jobs
[INFO] [SCRAPE] senior genai engineer
[INFO] [FLUSH] cache updated → 10 jobs
[INFO] [SCRAPE] genai engineer
[INFO] [FLUSH] cache updated → 21 jobs
[INFO] [SCRAPE] senior llmops engineer
[INFO] [FLUSH] cache updated → 1 jobs
[INFO] [SCRAPE] llmops engineer
[INFO] [FLUSH] cache updated → 3 jobs
[INFO] [SCRAPE] generative ai engineer
[INFO] [FLUSH] cache updated → 29 jobs
[INFO] [SCRAPE] senior generative ai engineer
[INFO] [FLUSH] cache updated → 10 jobs
[INFO] [SCRAPE] senior software engineer
[INFO] [FLUSH] cache updated → 76 jobs
[INFO] [SCRAPE] forward deployed engineer
[INFO] [FILTER] Dropped 1 Manager/Principal roles (hard block)
[WARNING] No cached job files found
[INFO] === RANK PHASE ===
[INFO] [SCRATCH] Writing ephemeral results
[INFO] Saved users/example/default/scratch/ranked_jobs.csv
